[    0.000000] Initializing cgroup subsys cpuset
[    0.000000] Initializing cgroup subsys cpu
[    0.000000] Initializing cgroup subsys cpuacct
[    0.000000] Linux version 4.4.0-210-generic (buildd@lgw01-amd64-009) (gcc version 5.4.0 20160609 (Ubuntu 5.4.0-6ubuntu1~16.04.12) ) #242-Ubuntu SMP Fri Apr 16 09:57:56 UTC 2021 (Ubuntu 4.4.0-210.242-generic 4.4.262)
[    0.000000] Command line: BOOT_IMAGE=/boot/vmlinuz-4.4.0-210-generic root=LABEL=cloudimg-rootfs ro console=tty1 console=ttyS0
[    0.000000] KERNEL supported cpus:
[    0.000000]   Intel GenuineIntel
[    0.000000]   AMD AuthenticAMD
[    0.000000]   Centaur CentaurHauls
[    0.000000] x86/fpu: xstate_offset[2]:  576, xstate_sizes[2]:  256
[    0.000000] x86/fpu: Supporting XSAVE feature 0x01: 'x87 floating point registers'
[    0.000000] x86/fpu: Supporting XSAVE feature 0x02: 'SSE registers'
[    0.000000] x86/fpu: Supporting XSAVE feature 0x04: 'AVX registers'
[    0.000000] x86/fpu: Enabled xstate features 0x7, context size is 832 bytes, using 'standard' format.
[    0.000000] e820: BIOS-provided physical RAM map:
[    0.000000] BIOS-e820: [mem 0x0000000000000000-0x000000000009fbff] usable
[    0.000000] BIOS-e820: [mem 0x000000000009fc00-0x000000000009ffff] reserved
[    0.000000] BIOS-e820: [mem 0x00000000000f0000-0x00000000000fffff] reserved
[    0.000000] BIOS-e820: [mem 0x0000000000100000-0x00000000dffeffff] usable
[    0.000000] BIOS-e820: [mem 0x00000000dfff0000-0x00000000dfffffff] ACPI data
[    0.000000] BIOS-e820: [mem 0x00000000fec00000-0x00000000fec00fff] reserved
[    0.000000] BIOS-e820: [mem 0x00000000fee00000-0x00000000fee00fff] reserved
[    0.000000] BIOS-e820: [mem 0x00000000fffc0000-0x00000000ffffffff] reserved
[    0.000000] BIOS-e820: [mem 0x0000000100000000-0x000000011fffffff] usable
[    0.000000] NX (Execute Disable) protection: active
[    0.000000] SMBIOS 2.5 present.
[    0.000000] Hypervisor detected: KVM
[    0.000000] Kernel/User page tables isolation: disabled
[    0.000000] e820: last_pfn = 0x120000 max_arch_pfn = 0x400000000
[    0.000000] MTRR: Disabled
[    0.000000] x86/PAT: MTRRs disabled, skipping PAT initialization too.
[    0.000000] CPU MTRRs all blank - virtualized system.
[    0.000000] x86/PAT: Configuration [0-7]: WB  WT  UC- UC  WB  WT  UC- UC  
[    0.000000] e820: last_pfn = 0xdfff0 max_arch_pfn = 0x400000000
[    0.000000] found SMP MP-table at [mem 0x0009fff0-0x0009ffff] mapped at [ffff88000009fff0]
[    0.000000] Scanning 1 areas for low memory corruption
[    0.000000] RAMDISK: [mem 0x362dc000-0x37165fff]
[    0.000000] ACPI: Early table checksum verification disabled
[    0.000000] ACPI: RSDP 0x00000000000E0000 000024 (v02 VBOX  )
[    0.000000] ACPI: XSDT 0x00000000DFFF0030 00003C (v01 VBOX   VBOXXSDT 00000001 ASL  00000061)
[    0.000000] ACPI: FACP 0x00000000DFFF00F0 0000F4 (v04 VBOX   VBOXFACP 00000001 ASL  00000061)
[    0.000000] ACPI: DSDT 0x00000000DFFF0470 0022EA (v02 VBOX   VBOXBIOS 00000002 INTL 20100528)
[    0.000000] ACPI: FACS 0x00000000DFFF0200 000040
[    0.000000] ACPI: FACS 0x00000000DFFF0200 000040
[    0.000000] ACPI: APIC 0x00000000DFFF0240 00005C (v02 VBOX   VBOXAPIC 00000001 ASL  00000061)
[    0.000000] ACPI: SSDT 0x00000000DFFF02A0 0001CC (v01 VBOX   VBOXCPUT 00000002 INTL 20100528)
[    0.000000] No NUMA configuration found
[    0.000000] Faking a node at [mem 0x0000000000000000-0x000000011fffffff]
[    0.000000] NODE_DATA(0) allocated [mem 0x11fff7000-0x11fffbfff]
[    0.000000] kvm-clock: Using msrs 4b564d01 and 4b564d00
[    0.000000] kvm-clock: cpu 0, msr 1:1ffef001, primary cpu clock
[    0.000000] kvm-clock: using sched offset of 4090827204 cycles
[    0.000000] clocksource: kvm-clock: mask: 0xffffffffffffffff max_cycles: 0x1cd42e4dffb, max_idle_ns: 881590591483 ns
[    0.000000] Zone ranges:
[    0.000000]   DMA      [mem 0x0000000000001000-0x0000000000ffffff]
[    0.000000]   DMA32    [mem 0x0000000001000000-0x00000000ffffffff]
[    0.000000]   Normal   [mem 0x0000000100000000-0x000000011fffffff]
[    0.000000]   Device   empty
[    0.000000] Movable zone start for each node
[    0.000000] Early memory node ranges
[    0.000000]   node   0: [mem 0x0000000000001000-0x000000000009efff]
[    0.000000]   node   0: [mem 0x0000000000100000-0x00000000dffeffff]
[    0.000000]   node   0: [mem 0x0000000100000000-0x000000011fffffff]
[    0.000000] Initmem setup node 0 [mem 0x0000000000001000-0x000000011fffffff]
[    0.000000] ACPI: PM-Timer IO Port: 0x4008
[    0.000000] IOAPIC[0]: apic_id 2, version 32, address 0xfec00000, GSI 0-23
[    0.000000] ACPI: INT_SRC_OVR (bus 0 bus_irq 0 global_irq 2 dfl dfl)
[    0.000000] ACPI: INT_SRC_OVR (bus 0 bus_irq 9 global_irq 9 low level)
[    0.000000] Using ACPI (MADT) for SMP configuration information
[    0.000000] smpboot: Allowing 2 CPUs, 0 hotplug CPUs
[    0.000000] PM: Registered nosave memory: [mem 0x00000000-0x00000fff]
[    0.000000] PM: Registered nosave memory: [mem 0x0009f000-0x0009ffff]
[    0.000000] PM: Registered nosave memory: [mem 0x000a0000-0x000effff]
[    0.000000] PM: Registered nosave memory: [mem 0x000f0000-0x000fffff]
[    0.000000] PM: Registered nosave memory: [mem 0xdfff0000-0xdfffffff]
[    0.000000] PM: Registered nosave memory: [mem 0xe0000000-0xfebfffff]
[    0.000000] PM: Registered nosave memory: [mem 0xfec00000-0xfec00fff]
[    0.000000] PM: Registered nosave memory: [mem 0xfec01000-0xfedfffff]
[    0.000000] PM: Registered nosave memory: [mem 0xfee00000-0xfee00fff]
[    0.000000] PM: Registered nosave memory: [mem 0xfee01000-0xfffbffff]
[    0.000000] PM: Registered nosave memory: [mem 0xfffc0000-0xffffffff]
[    0.000000] e820: [mem 0xe0000000-0xfebfffff] available for PCI devices
[    0.000000] Booting paravirtualized kernel on KVM
[    0.000000] clocksource: refined-jiffies: mask: 0xffffffff max_cycles: 0xffffffff, max_idle_ns: 7645519600211568 ns
[    0.000000] setup_percpu: NR_CPUS:512 nr_cpumask_bits:512 nr_cpu_ids:2 nr_node_ids:1
[    0.000000] PERCPU: Embedded 33 pages/cpu @ffff88011fc00000 s95192 r8192 d31784 u1048576
[    0.000000] Built 1 zonelists in Node order, mobility grouping on.  Total pages: 1032056
[    0.000000] Policy zone: Normal
[    0.000000] Kernel command line: BOOT_IMAGE=/boot/vmlinuz-4.4.0-210-generic root=LABEL=cloudimg-rootfs ro console=tty1 console=ttyS0
[    0.000000] PID hash table entries: 4096 (order: 3, 32768 bytes)
[    0.000000] Memory: 4028304K/4193848K available (8644K kernel code, 1332K rwdata, 4044K rodata, 1492K init, 1164K bss, 165544K reserved, 0K cma-reserved)
[    0.000000] SLUB: HWalign=64, Order=0-3, MinObjects=0, CPUs=2, Nodes=1
[    0.000000] Hierarchical RCU implementation.
[    0.000000] 	Build-time adjustment of leaf fanout to 64.
[    0.000000] 	RCU restricting CPUs from NR_CPUS=512 to nr_cpu_ids=2.
[    0.000000] RCU: Adjusting geometry for rcu_fanout_leaf=64, nr_cpu_ids=2
[    0.000000] NR_IRQS:33024 nr_irqs:440 16
[    0.000000] Console: colour VGA+ 80x25
[    0.000000] console [tty1] enabled
[    0.000000] console [ttyS0] enabled
[    0.000000] tsc: Detected 1800.003 MHz processor
[    1.228003] Calibrating delay loop (skipped) preset value.. 3600.00 BogoMIPS (lpj=7200012)
[    1.230963] pid_max: default: 32768 minimum: 301
[    1.232616] ACPI: Core revision 20150930
[    1.235355] ACPI: 2 ACPI AML tables successfully acquired and loaded
[    1.237506] Security Framework initialized
[    1.238894] Yama: becoming mindful.
[    1.240139] AppArmor: AppArmor initialized
[    1.246758] Dentry cache hash table entries: 524288 (order: 10, 4194304 bytes)
[    1.285786] Inode-cache hash table entries: 262144 (order: 9, 2097152 bytes)
[    1.288329] Mount-cache hash table entries: 8192 (order: 4, 65536 bytes)
[    1.290123] Mountpoint-cache hash table entries: 8192 (order: 4, 65536 bytes)
[    1.292286] Initializing cgroup subsys io
[    1.293520] Initializing cgroup subsys memory
[    1.294916] Initializing cgroup subsys devices
[    1.296311] Initializing cgroup subsys freezer
[    1.297671] Initializing cgroup subsys net_cls
[    1.299396] Initializing cgroup subsys perf_event
[    1.300928] Initializing cgroup subsys net_prio
[    1.302325] Initializing cgroup subsys hugetlb
[    1.303682] Initializing cgroup subsys pids
[    1.323754] mce: CPU supports 0 MCE banks
[    1.324980] Last level iTLB entries: 4KB 64, 2MB 8, 4MB 8
[    1.326396] Last level dTLB entries: 4KB 64, 2MB 0, 4MB 0, 1GB 4
[    1.328018] Spectre V1 : Mitigation: usercopy/swapgs barriers and __user pointer sanitization
[    1.330291] Spectre V2 : Mitigation: Enhanced IBRS
[    1.331633] Spectre V2 : Spectre v2 / SpectreRSB mitigation: Filling RSB on context switch
[    1.333877] Speculative Store Bypass: Vulnerable
[    1.335145] SRBDS: Mitigation: TSX disabled
[    1.340229] Freeing SMP alternatives memory: 36K
[    1.350538] ftrace: allocating 32380 entries in 127 pages
[    1.426970] smpboot: APIC(0) Converting physical 0 to logical package 0
[    1.428897] smpboot: Max logical packages: 1
[    1.430724] x2apic enabled
[    1.432197] Switched APIC routing to physical x2apic.
[    1.436199] ..TIMER: vector=0x30 apic1=0 pin1=2 apic2=-1 pin2=-1
[    1.546087] smpboot: CPU0: Intel(R) Core(TM) i5-8265U CPU @ 1.60GHz (family: 0x6, model: 0x8e, stepping: 0xc)
[    1.548735] Performance Events: unsupported p6 CPU model 142 no PMU driver, software events only.
[    1.561363] KVM setup paravirtual spinlock
[    1.597829] x86: Booting SMP configuration:
[    1.602070] .... node  #0, CPUs:      #1
[    1.606762] kvm-clock: cpu 1, msr 1:1ffef041, secondary cpu clock
[    1.632861] mce: CPU supports 0 MCE banks
[    1.658745] x86: Booted up 1 node, 2 CPUs
[    1.662125] smpboot: Total of 2 processors activated (7200.01 BogoMIPS)
[    1.667219] devtmpfs: initialized
[    1.677696] evm: security.selinux
[    1.680334] evm: security.SMACK64
[    1.683323] evm: security.SMACK64EXEC
[    1.685974] evm: security.SMACK64TRANSMUTE
[    1.688987] evm: security.SMACK64MMAP
[    1.692081] evm: security.ima
[    1.694298] evm: security.capability
[    1.696758] clocksource: jiffies: mask: 0xffffffff max_cycles: 0xffffffff, max_idle_ns: 7645041785100000 ns
[    1.702174] futex hash table entries: 512 (order: 3, 32768 bytes)
[    1.706379] pinctrl core: initialized pinctrl subsystem
[    1.709704] RTC time: 12:54:38, date: 10/10/21
[    1.713040] NET: Registered protocol family 16
[    1.725844] cpuidle: using governor ladder
[    1.737602] cpuidle: using governor menu
[    1.739667] PCCT header not found.
[    1.741904] ACPI: bus type PCI registered
[    1.744295] acpiphp: ACPI Hot Plug PCI Controller Driver version: 0.5
[    1.747945] PCI: Using configuration type 1 for base access
[    1.795496] ACPI: Added _OSI(Module Device)
[    1.797146] ACPI: Added _OSI(Processor Device)
[    1.798924] ACPI: Added _OSI(3.0 _SCP Extensions)
[    1.800883] ACPI: Added _OSI(Processor Aggregator Device)
[    1.817045] ACPI: Executed 1 blocks of module-level executable AML code
[    1.822973] ACPI: Interpreter enabled
[    1.824505] ACPI: (supports S0 S5)
[    1.825783] ACPI: Using IOAPIC for interrupt routing
[    1.827591] PCI: Using host bridge windows from ACPI; if necessary, use "pci=nocrs" and report a bug
[    1.836349] ACPI: PCI Root Bridge [PCI0] (domain 0000 [bus 00-ff])
[    1.838246] acpi PNP0A03:00: _OSC: OS supports [ASPM ClockPM Segments MSI]
[    1.840810] acpi PNP0A03:00: _OSC: not requesting OS control; OS requires [ExtendedConfig ASPM ClockPM MSI]
[    1.844190] acpi PNP0A03:00: fail to add MMCONFIG information, can't access extended PCI configuration space under this bridge.
[    1.848896] PCI host bridge to bus 0000:00
[    1.868234] pci_bus 0000:00: root bus resource [io  0x0000-0x0cf7 window]
[    1.870516] pci_bus 0000:00: root bus resource [io  0x0d00-0xffff window]
[    1.872719] pci_bus 0000:00: root bus resource [mem 0x000a0000-0x000bffff window]
[    1.875537] pci_bus 0000:00: root bus resource [mem 0xe0000000-0xfdffffff window]
[    1.878475] pci_bus 0000:00: root bus resource [bus 00-ff]
[    1.884210] pci 0000:00:01.1: legacy IDE quirk: reg 0x10: [io  0x01f0-0x01f7]
[    1.887101] pci 0000:00:01.1: legacy IDE quirk: reg 0x14: [io  0x03f6]
[    1.889777] pci 0000:00:01.1: legacy IDE quirk: reg 0x18: [io  0x0170-0x0177]
[    1.892707] pci 0000:00:01.1: legacy IDE quirk: reg 0x1c: [io  0x0376]
[    1.963249] pci 0000:00:07.0: quirk: [io  0x4000-0x403f] claimed by PIIX4 ACPI
[    1.966184] pci 0000:00:07.0: quirk: [io  0x4100-0x410f] claimed by PIIX4 SMB
[    2.015196] ACPI: PCI Interrupt Link [LNKA] (IRQs 5 9 10 *11)
[    2.018632] ACPI: PCI Interrupt Link [LNKB] (IRQs 5 9 *10 11)
[    2.022056] ACPI: PCI Interrupt Link [LNKC] (IRQs 5 *9 10 11)
[    2.026169] ACPI: PCI Interrupt Link [LNKD] (IRQs 5 9 10 *11)
[    2.029510] ACPI: Enabled 2 GPEs in block 00 to 07
[    2.032325] vgaarb: setting as boot device: PCI:0000:00:02.0
[    2.035268] vgaarb: device added: PCI:0000:00:02.0,decodes=io+mem,owns=io+mem,locks=none
[    2.039313] vgaarb: loaded
[    2.040565] vgaarb: bridge control possible 0000:00:02.0
[    2.043357] SCSI subsystem initialized
[    2.045331] ACPI: bus type USB registered
[    2.047010] usbcore: registered new interface driver usbfs
[    2.049059] usbcore: registered new interface driver hub
[    2.051097] usbcore: registered new device driver usb
[    2.053284] PCI: Using ACPI for IRQ routing
[    2.056051] NetLabel: Initializing
[    2.057747] NetLabel:  domain hash size = 128
[    2.059578] NetLabel:  protocols = UNLABELED CIPSOv4
[    2.061526] NetLabel:  unlabeled traffic allowed by default
[    2.064188] amd_nb: Cannot enumerate AMD northbridges
[    2.094828] clocksource: Switched to clocksource kvm-clock
[    2.150626] AppArmor: AppArmor Filesystem Enabled
[    2.152276] pnp: PnP ACPI init
[    2.154597] pnp: PnP ACPI: found 3 devices
[    2.168652] clocksource: acpi_pm: mask: 0xffffff max_cycles: 0xffffff, max_idle_ns: 2085701024 ns
[    2.171923] NET: Registered protocol family 2
[    2.174061] TCP established hash table entries: 32768 (order: 6, 262144 bytes)
[    2.176840] TCP bind hash table entries: 32768 (order: 7, 524288 bytes)
[    2.207876] TCP: Hash tables configured (established 32768 bind 32768)
[    2.209909] UDP hash table entries: 2048 (order: 4, 65536 bytes)
[    2.211771] UDP-Lite hash table entries: 2048 (order: 4, 65536 bytes)
[    2.213793] NET: Registered protocol family 1
[    2.215255] pci 0000:00:00.0: Limiting direct PCI/PCI transfers
[    2.217300] pci 0000:00:01.0: Activating ISA DMA hang workarounds
[    2.219304] Unpacking initramfs...
[    3.283822] Freeing initrd memory: 14888K
[    3.286372] PCI-DMA: Using software bounce buffering for IO (SWIOTLB)
[    3.288345] software IO TLB: mapped [mem 0xdbff0000-0xdfff0000] (64MB)
[    3.290392] clocksource: tsc: mask: 0xffffffffffffffff max_cycles: 0x19f22c73312, max_idle_ns: 440795259572 ns
[    3.293600] platform rtc_cmos: registered platform RTC device (no PNP device found)
[    3.296181] Scanning for low memory corruption every 60 seconds
[    3.298955] audit: initializing netlink subsys (disabled)
[    3.300843] audit: type=2000 audit(1633870486.026:1): initialized
[    3.303304] Initialise system trusted keyring
[    3.305325] HugeTLB registered 2 MB page size, pre-allocated 0 pages
[    3.353272] zbud: loaded
[    3.355108] VFS: Disk quotas dquot_6.6.0
[    3.356571] VFS: Dquot-cache hash table entries: 512 (order 0, 4096 bytes)
[    3.358891] squashfs: version 4.0 (2009/01/31) Phillip Lougher
[    3.361170] fuse init (API version 7.23)
[    3.362772] Key type big_key registered
[    3.364408] Allocating IMA MOK and blacklist keyrings.
[    3.369445] Key type asymmetric registered
[    3.370683] Asymmetric key parser 'x509' registered
[    3.372096] Block layer SCSI generic (bsg) driver version 0.4 loaded (major 249)
[    3.418881] io scheduler noop registered
[    3.420184] io scheduler deadline registered (default)
[    3.421692] io scheduler cfq registered
[    3.422993] pci_hotplug: PCI Hot Plug PCI Core version: 0.5
[    3.424621] pciehp: PCI Express Hot Plug Controller Driver version: 0.4
[    3.426496] ACPI: AC Adapter [AC] (on-line)
[    3.427793] input: Power Button as /devices/LNXSYSTM:00/LNXPWRBN:00/input/input0
[    3.429955] ACPI: Power Button [PWRF]
[    3.431233] input: Sleep Button as /devices/LNXSYSTM:00/LNXSLPBN:00/input/input1
[    3.433398] ACPI: Sleep Button [SLPF]
[    3.434882] GHES: HEST is not enabled!
[    3.435778] ACPI: Battery Slot [BAT0] (battery present)
[    3.437774] Serial: 8250/16550 driver, 32 ports, IRQ sharing enabled
[    3.460425] 00:02: ttyS0 at I/O 0x3f8 (irq = 4, base_baud = 115200) is a 16550A
[    3.466550] Linux agpgart interface v0.103
[    3.469861] loop: module loaded
[    3.471598] scsi host0: ata_piix
[    3.472789] scsi host1: ata_piix
[    3.473890] ata1: PATA max UDMA/33 cmd 0x1f0 ctl 0x3f6 bmdma 0xd000 irq 14
[    3.475641] ata2: PATA max UDMA/33 cmd 0x170 ctl 0x376 bmdma 0xd008 irq 15
[    3.477576] libphy: Fixed MDIO Bus: probed
[    3.478885] tun: Universal TUN/TAP device driver, 1.6
[    3.480361] tun: (C) 1999-2004 Max Krasnyansky <maxk@qualcomm.com>
[    3.482270] PPP generic driver version 2.4.2
[    3.483801] ehci_hcd: USB 2.0 'Enhanced' Host Controller (EHCI) Driver
[    3.485692] ehci-pci: EHCI PCI platform driver
[    3.487011] ehci-platform: EHCI generic platform driver
[    3.488580] ohci_hcd: USB 1.1 'Open' Host Controller (OHCI) Driver
[    3.490205] ohci-pci: OHCI PCI platform driver
[    3.491668] ohci-platform: OHCI generic platform driver
[    3.493115] uhci_hcd: USB Universal Host Controller Interface driver
[    3.494892] i8042: PNP: PS/2 Controller [PNP0303:PS2K,PNP0f03:PS2M] at 0x60,0x64 irq 1,12
[    3.497973] serio: i8042 KBD port at 0x60,0x64 irq 1
[    3.499531] serio: i8042 AUX port at 0x60,0x64 irq 12
[    3.501453] mousedev: PS/2 mouse device common for all mice
[    3.503743] input: AT Translated Set 2 keyboard as /devices/platform/i8042/serio0/input/input2
[    3.506970] rtc_cmos rtc_cmos: rtc core: registered rtc_cmos as rtc0
[    3.508807] rtc_cmos rtc_cmos: alarms up to one day, 114 bytes nvram
[    3.510596] i2c /dev entries driver
[    3.511857] device-mapper: uevent: version 1.0.3
[    3.513565] device-mapper: ioctl: 4.34.0-ioctl (2015-10-28) initialised: dm-devel@redhat.com
[    3.516419] ledtrig-cpu: registered to indicate activity on CPUs
[    3.519171] NET: Registered protocol family 10
[    3.520880] NET: Registered protocol family 17
[    3.522206] Key type dns_resolver registered
[    3.524498] registered taskstats version 1
[    3.525804] Loading compiled-in X.509 certificates
[    3.528076] Loaded X.509 cert 'Build time autogenerated kernel key: cf00e047681d67edb2720680708b7d9498083038'
[    3.530939] zswap: loaded using pool lzo/zbud
[    3.534605] Key type trusted registered
[    3.539841] Key type encrypted registered
[    3.541011] AppArmor: AppArmor sha1 policy hashing enabled
[    3.542504] ima: No TPM chip found, activating TPM-bypass!
[    3.544207] ima: Allocated hash algorithm: sha1
[    3.545597] evm: HMAC attrs: 0x1
[    3.547204]   Magic number: 9:937:935
[    3.548565] rtc_cmos rtc_cmos: setting system clock to 2021-10-10 12:54:40 UTC (1633870480)
[    3.551199] BIOS EDD facility v0.16 2004-Jun-25, 0 devices found
[    3.552864] EDD information not available.
[    3.634480] Freeing unused kernel memory: 1492K
[    3.637013] Write protecting the kernel read-only data: 14336k
[    3.641331] Freeing unused kernel memory: 1584K
[    3.644215] Freeing unused kernel memory: 52K
Loading, please wait...
starting version 229
[    3.676315] random: systemd-udevd: uninitialized urandom read (16 bytes read, 3 bits of entropy available)
[    3.677507] random: udevadm: uninitialized urandom read (16 bytes read, 3 bits of entropy available)
[    3.677576] random: udevadm: uninitialized urandom read (16 bytes read, 3 bits of entropy available)
[    3.689406] random: systemd-udevd: uninitialized urandom read (16 bytes read, 3 bits of entropy available)
[    3.690266] random: udevadm: uninitialized urandom read (16 bytes read, 3 bits of entropy available)
[    3.690328] random: udevadm: uninitialized urandom read (16 bytes read, 3 bits of entropy available)
[    3.690524] random: udevadm: uninitialized urandom read (16 bytes read, 3 bits of entropy available)
[    3.690597] random: udevadm: uninitialized urandom read (16 bytes read, 3 bits of entropy available)
[    3.690664] random: udevadm: uninitialized urandom read (16 bytes read, 3 bits of entropy available)
[    3.690733] random: udevadm: uninitialized urandom read (16 bytes read, 3 bits of entropy available)
[    3.740227] e1000: Intel(R) PRO/1000 Network Driver - version 7.3.21-k8-NAPI
[    3.742189] e1000: Copyright (c) 1999-2006 Intel Corporation.
[    3.746236] Fusion MPT base driver 3.04.20
[    3.747857] Copyright (c) 1999-2008 LSI Corporation
[    3.792265] Fusion MPT SPI Host driver 3.04.20
[    3.805038] AVX2 version of gcm_enc/dec engaged.
[    3.806737] AES CTR mode by8 optimization enabled
[    3.979612] input: ImExPS/2 Generic Explorer Mouse as /devices/platform/i8042/serio1/input/input4
[    4.160266] e1000 0000:00:03.0 eth0: (PCI:33MHz:32-bit) 02:be:82:6b:cc:1d
[    4.161720] e1000 0000:00:03.0 eth0: Intel(R) PRO/1000 Network Connection
[    4.570878] e1000 0000:00:08.0 eth1: (PCI:33MHz:32-bit) 08:00:27:e1:6b:71
[    4.575691] e1000 0000:00:08.0 eth1: Intel(R) PRO/1000 Network Connection
[    4.582147] mptbase: ioc0: Initiating bringup
[    4.585138] e1000 0000:00:08.0 enp0s8: renamed from eth1
[    4.611962] e1000 0000:00:03.0 enp0s3: renamed from eth0
[    4.671657] ioc0: LSI53C1030 A0: Capabilities={Initiator}
[    4.840443] scsi host2: ioc0: LSI53C1030 A0, FwRev=00000000h, Ports=1, MaxQ=256, IRQ=20
[    4.960640] scsi 2:0:0:0: Direct-Access     VBOX     HARDDISK         1.0  PQ: 0 ANSI: 5
[    4.966495] scsi target2:0:0: Beginning Domain Validation
[    4.979460] scsi target2:0:0: Domain Validation skipping write tests
[    4.983591] scsi target2:0:0: Ending Domain Validation
[    4.988123] scsi target2:0:0: asynchronous
[    4.994210] scsi 2:0:1:0: Direct-Access     VBOX     HARDDISK         1.0  PQ: 0 ANSI: 5
[    5.000407] scsi target2:0:1: Beginning Domain Validation
[    5.009977] scsi target2:0:1: Domain Validation skipping write tests
[    5.012582] scsi target2:0:1: Ending Domain Validation
[    5.014372] scsi target2:0:1: asynchronous
[    5.024016] sd 2:0:0:0: Attached scsi generic sg0 type 0
[    5.025208] sd 2:0:0:0: [sda] 83886080 512-byte logical blocks: (42.9 GB/40.0 GiB)
[    5.026636] sd 2:0:1:0: Attached scsi generic sg1 type 0
[    5.027582] sd 2:0:1:0: [sdb] 20480 512-byte logical blocks: (10.5 MB/10.0 MiB)
[    5.029317] sd 2:0:0:0: [sda] Write Protect is off
[    5.030235] sd 2:0:1:0: [sdb] Write Protect is off
[    5.031351] sd 2:0:0:0: [sda] Incomplete mode parameter data
[    5.032407] sd 2:0:0:0: [sda] Assuming drive cache: write through
[    5.033939] sd 2:0:1:0: [sdb] Incomplete mode parameter data
[    5.035115] sd 2:0:1:0: [sdb] Assuming drive cache: write through
[    5.042230]  sda: sda1
[    5.044307] sd 2:0:0:0: [sda] Attached SCSI disk
[    5.045771] sd 2:0:1:0: [sdb] Attached SCSI disk
Begin: Loading essential drivers ... [    6.530597] md: linear personality registered for level -1
[    6.535076] md: multipath personality registered for level -4
[    6.540152] md: raid0 personality registered for level 0
[    6.547190] md: raid1 personality registered for level 1
[    6.618936] raid6: sse2x1   gen()  5579 MB/s
[    6.687106] raid6: sse2x1   xor()  3659 MB/s
[    6.754893] raid6: sse2x2   gen()  6650 MB/s
[    6.823263] raid6: sse2x2   xor()  4020 MB/s
[    6.891095] raid6: sse2x4   gen()  6958 MB/s
[    6.959039] raid6: sse2x4   xor()  4183 MB/s
[    7.027292] raid6: avx2x1   gen()  9003 MB/s
[    7.095129] raid6: avx2x2   gen()  5943 MB/s
[    7.163033] raid6: avx2x4   gen() 11788 MB/s
[    7.165216] raid6: using algorithm avx2x4 gen() 11788 MB/s
[    7.168490] raid6: using avx2x2 recovery algorithm
[    7.172395] xor: automatically using best checksumming function:
[    7.210840]    avx       : 14463.000 MB/sec
[    7.213919] async_tx: api initialized (async)
[    7.229466] md: raid6 personality registered for level 6
[    7.231237] md: raid5 personality registered for level 5
[    7.233618] md: raid4 personality registered for level 4
[    7.243246] md: raid10 personality registered for level 10
done.
Begin: Running /scripts/init-premount ... done.
Begin: Mounting root file system ... Begin: Running /scripts/local-top ... done.
Begin: Running /scripts/local-premount ... [    7.286049] Btrfs loaded
Scanning for Btrfs filesystems
done.
Warning: fsck not present, so skipping root file system
[    7.321245] EXT4-fs (sda1): mounted filesystem with ordered data mode. Opts: (null)
done.
Begin: Running /scripts/local-bottom ... done.
Begin: Running /scripts/init-bottom ... done.
[    7.408704] systemd[1]: systemd 229 running in system mode. (+PAM +AUDIT +SELINUX +IMA +APPARMOR +SMACK +SYSVINIT +UTMP +LIBCRYPTSETUP +GCRYPT +GNUTLS +ACL +XZ -LZ4 +SECCOMP +BLKID +ELFUTILS +KMOD -IDN)
[    7.413001] systemd[1]: Detected virtualization oracle.
[    7.414426] systemd[1]: Detected architecture x86-64.

Welcome to [1mUbuntu 16.04.7 LTS[0m!

[    7.451794] systemd[1]: Set hostname to <ubuntu>.
[    7.455813] systemd[1]: Initializing machine ID from random generator.
[    7.457250] systemd[1]: Installed transient /etc/machine-id file.
[    7.624714] systemd[1]: Started Forward Password Requests to Wall Directory Watch.
[[0;32m  OK  [0m] Started Forward Password Requests to Wall Directory Watch.
[    7.627855] systemd[1]: Set up automount Arbitrary Executable File Formats File System Automount Point.
[[0;32m  OK  [0m] Set up automount Arbitrary Executab...ats File System Automount Point.
[    7.639108] systemd[1]: Listening on Journal Audit Socket.
[[0;32m  OK  [0m] Listening on Journal Audit Socket.
[    7.648137] systemd[1]: Listening on fsck to fsckd communication Socket.
[[0;32m  OK  [0m] Listening on fsck to fsckd communication Socket.
[    7.650510] systemd[1]: Started Trigger resolvconf update for networkd DNS.
[[0;32m  OK  [0m] Started Trigger resolvconf update for networkd DNS.
[    7.652953] systemd[1]: Reached target System Time Synchronized.
[[0;32m  OK  [0m] Reached target System Time Synchronized.
[    7.663580] systemd[1]: Listening on LVM2 poll daemon socket.
[[0;32m  OK  [0m] Listening on LVM2 poll daemon socket.
[    7.671700] systemd[1]: Created slice System Slice.
[[0;32m  OK  [0m] Created slice System Slice.
[    7.673697] systemd[1]: Created slice system-serial\x2dgetty.slice.
[[0;32m  OK  [0m] Created slice system-serial\x2dgetty.slice.
[    7.675772] systemd[1]: Listening on udev Kernel Socket.
[[0;32m  OK  [0m] Listening on udev Kernel Socket.
[    7.677655] systemd[1]: Listening on udev Control Socket.
[[0;32m  OK  [0m] Listening on udev Control Socket.
[    7.679769] systemd[1]: Reached target Swap.
[[0;32m  OK  [0m] Reached target Swap.
[    7.687026] systemd[1]: Reached target Encrypted Volumes.
[[0;32m  OK  [0m] Reached target Encrypted Volumes.
[    7.695803] systemd[1]: Listening on Syslog Socket.
[[0;32m  OK  [0m] Listening on Syslog Socket.
[    7.698736] systemd[1]: Listening on Device-mapper event daemon FIFOs.
[[0;32m  OK  [0m] Listening on Device-mapper event daemon FIFOs.
[    7.701803] systemd[1]: Listening on LVM2 metadata daemon socket.
[[0;32m  OK  [0m] Listening on LVM2 metadata daemon socket.
[    7.711488] systemd[1]: Listening on /dev/initctl Compatibility Named Pipe.
[[0;32m  OK  [0m] Listening on /dev/initctl Compatibility Named Pipe.
[    7.723115] systemd[1]: Listening on Journal Socket.
[[0;32m  OK  [0m] Listening on Journal Socket.
[    7.779809] systemd[1]: Starting Load Kernel Modules...
         Starting Load Kernel Modules...
[    7.786727] systemd[1]: Mounting POSIX Message Queue File System...
         Mounting POSIX Message Queue File System...
[    7.802394] systemd[1]: Mounting Huge Pages File System...
         Mounting Huge Pages File System...
[    7.812343] systemd[1]: Starting Monitoring of LVM2 mirrors, snapshots etc. using dmeventd or progress polling...
[    7.825258] Loading iSCSI transport class v2.0-870.
         Starting Monitoring of LVM2 mirrors... dmeventd or progress polling...
[    7.840767] systemd[1]: Starting Set console keymap...
         Starting Set console keymap...
[    7.849106] systemd[1]: Starting Nameserver information manager...
[    7.853438] iscsi: registered transport (tcp)
         Starting Nameserver information manager...
[    7.879176] systemd[1]: Starting File System Check on Root Device...
         Starting File System Check on Root Device...
[    7.886024] systemd[1]: Mounting Debug File System...
         Mounting Debug File System...
[    7.933516] systemd[1]: Starting Create list of required static device nodes for the current kernel...
         Starting Create list of required st... nodes for the current kernel...
[    7.941571] systemd[1]: Starting Uncomplicated firewall...
         Starting Uncomplicated firewall...
[    7.949168] systemd[1]: Listening on Journal Socket (/dev/log).
[[0;32m  OK  [0m] Listening on Journal Socket (/dev/log).
[    7.957422] systemd[1]: Created slice User and Session Slice.
[[0;32m  OK  [0m] Created slice User and Session Slice.
[    7.962554] systemd[1]: Reached target Slices.
[[0;32m  OK  [0m] Reached target Slices.
[    7.980680] systemd[1]: Reached target User and Group Name Lookups.
[[0;32m  OK  [0m] Reached target User and Group Name Lookups.
[    7.984882] iscsi: registered transport (iser)
[    7.999300] systemd[1]: Starting Journal Service...
         Starting Journal Service...
[    8.007186] systemd[1]: Mounted Huge Pages File System.
[[0;32m  OK  [0m] Mounted Huge Pages File System.
[    8.012020] systemd[1]: Mounted POSIX Message Queue File System.
[[0;32m  OK  [0m] Mounted POSIX Message Queue File System.
[    8.055505] systemd[1]: Mounted Debug File System.
[[0;32m  OK  [0m] Mounted Debug File System.
[    8.059941] systemd[1]: Started Load Kernel Modules.
[[0;32m  OK  [0m] Started Load Kernel Modules.
[    8.065511] systemd[1]: Started Set console keymap.
[[0;32m  OK  [0m] Started Set console keymap.
[    8.112874] systemd[1]: Started File System Check on Root Device.
[[0;32m  OK  [0m] Started File System Check on Root Device.
[    8.117029] systemd[1]: Started Create list of required static device nodes for the current kernel.
[[0;32m  OK  [0m] Started Create list of required sta...ce nodes for the current kernel.
[    8.122022] systemd[1]: Started Uncomplicated firewall.
[[0;32m  OK  [0m] Started Uncomplicated firewall.
[    8.125632] systemd[1]: Started Nameserver information manager.
[[0;32m  OK  [0m] Started Nameserver information manager.
[    8.141433] systemd[1]: Started Journal Service.
[[0;32m  OK  [0m] Started Journal Service.
[[0;32m  OK  [0m] Started File System Check Daemon to report status.
[[0;32m  OK  [0m] Started LVM2 metadata daemon.
         Starting Create [    8.205288] random: nonblocking pool is initialized
Static Device Nodes in /dev...
         Starting Remount Root and Kernel File Systems...
         Starting Apply Kernel Variables...
         Mounting FUSE Control File System...
[    8.217335] EXT4-fs (sda1): re-mounted. Opts: (null)
[[0;32m  OK  [0m] Mounted FUSE Control File System.
[[0;32m  OK  [0m] Started Remount Root and Kernel File Systems.
[[0;32m  OK  [0m] Started Create Static Device Nodes in /dev.
[[0;32m  OK  [0m] Started Apply Kernel Variables.
         Starting udev Kernel Device Manager...
         Starting Load/Save Random Seed...
         Starting udev Coldplug all Devices...
         Starting Flush Journal to Persistent Storage...
[[0;32m  OK  [0m] Started Load/Save Random Seed.
[[0;32m  OK  [0m] Started Flush Journal to Persistent Storage.
[[0;32m  OK  [0m] Started udev Kernel Device Manager.
[[0;32m  OK  [0m] Started udev Coldplug all Devices.
[[0;32m  OK  [0m] Started Dispatch Password Requests to Console Directory Watch.
[[0;32m  OK  [0m] Found device /dev/ttyS0.
[[0;32m  OK  [0m] Listening on Load/Save RF Kill Switch Status /dev/rfkill Watch.
[[0;32m  OK  [0m] Started Monitoring of LVM2 mirrors,...ng dmeventd or progress polling.
[[0;32m  OK  [0m] Reached target Local File Systems (Pre).
[[0;32m  OK  [0m] Reached target Local File Systems.
         Starting Tell Plymouth To Write Out Runtime Data...
         Starting Set console font and keymap...
         Starting LSB: AppArmor initialization...
         Starting Initial cloud-init job (pre-networking)...
         Starting Create Volatile Files and Directories...
         Starting Commit a transient machine-id on disk...
[[0;32m  OK  [0m] Started Tell Plymouth To Write Out Runtime Data.
[[0;32m  OK  [0m] Started Create Volatile Files and Directories.
[[0;32m  OK  [0m] Started Commit a transient machine-id on disk.
         Starting Update UTMP about System Boot/Shutdown...
[[0;32m  OK  [0m] Started Update UTMP about System Boot/Shutdown.
[    9.790776] cloud-init[546]: Cloud-init v. 21.1-19-gbad84ad4-0ubuntu1~16.04.2 running 'init-local' at Sun, 10 Oct 2021 12:54:47 +0000. Up 8.91 seconds.
[[0;32m  OK  [0m] Started Initial cloud-init job (pre-networking).
[[0;32m  OK  [0m] Reached target Network (Pre).
[[0;32m  OK  [0m] Started Set console font and keymap.
[[0;32m  OK  [0m] Created slice system-getty.slice.
[[0;32m  OK  [0m] Started LSB: AppArmor initialization.
         Starting Load AppArmor profiles managed internally by snapd...
         Starting Raise network interfaces...
[[0;32m  OK  [0m] Started Load AppArmor profiles managed internally by snapd.
[[0;32m  OK  [0m] Started Raise network interfaces.
         Starting Initial cloud-init job (metadata service crawler)...
[[0;32m  OK  [0m] Reached target Network.
[   11.987543] cloud-init[959]: Cloud-init v. 21.1-19-gbad84ad4-0ubuntu1~16.04.2 running 'init' at Sun, 10 Oct 2021 12:54:49 +0000. Up 11.19 seconds.
[   11.989603] cloud-init[959]: ci-info: ++++++++++++++++++++++++++++++++++++++Net device info+++++++++++++++++++++++++++++++++++++++
[   11.991164] cloud-init[959]: ci-info: +--------+-------+----------------------------+---------------+--------+-------------------+
[   11.992687] cloud-init[959]: ci-info: | Device |   Up  |          Address           |      Mask     | Scope  |     Hw-Address    |
[   11.994289] cloud-init[959]: ci-info: +--------+-------+----------------------------+---------------+--------+-------------------+
[   11.995992] cloud-init[959]: ci-info: | enp0s3 |  True |         10.0.2.15          | 255.255.255.0 | global | 02:be:82:6b:cc:1d |
[   11.997559] cloud-init[959]: ci-info: | enp0s3 |  True | fe80::be:82ff:fe6b:cc1d/64 |       .       |  link  | 02:be:82:6b:cc:1d |
[   12.004992] cloud-init[959]: ci-info: | enp0s8 | False |             .              |       .       |   .    | 08:00:27:e1:6b:71 |
[   12.006715] cloud-init[959]: ci-info: |   lo   |  True |         127.0.0.1          |   255.0.0.0   |  host  |         .         |
[   12.008250] cloud-init[959]: ci-info: |   lo   |  True |          ::1/128           |       .       |  host  |         .         |
[   12.009707] cloud-init[959]: ci-info: +--------+-------+----------------------------+---------------+--------+-------------------+
[   12.011139] cloud-init[959]: ci-info: +++++++++++++++++++++++++++Route IPv4 info++++++++++++++++++++++++++++
[   12.012528] cloud-init[959]: ci-info: +-------+-------------+----------+---------------+-----------+-------+
[   12.013853] cloud-init[959]: ci-info: | Route | Destination | Gateway  |    Genmask    | Interface | Flags |
[   12.020607] cloud-init[959]: ci-info: +-------+-------------+----------+---------------+-----------+-------+
[   12.021864] cloud-init[959]: ci-info: |   0   |   0.0.0.0   | 10.0.2.2 |    0.0.0.0    |   enp0s3  |   UG  |
[   12.023273] cloud-init[959]: ci-info: |   1   |   10.0.2.0  | 0.0.0.0  | 255.255.255.0 |   enp0s3  |   U   |
[   12.024577] cloud-init[959]: ci-info: +-------+-------------+----------+---------------+-----------+-------+
[   12.025909] cloud-init[959]: ci-info: +++++++++++++++++++Route IPv6 info+++++++++++++++++++
[   12.033315] cloud-init[959]: ci-info: +-------+-------------+---------+-----------+-------+
[   12.041113] cloud-init[959]: ci-info: | Route | Destination | Gateway | Interface | Flags |
[   12.048894] cloud-init[959]: ci-info: +-------+-------------+---------+-----------+-------+
[   12.050173] cloud-init[959]: ci-info: |   0   |  fe80::/64  |    ::   |   enp0s3  |   U   |
[[0;32m  OK  [0m] Started Initial cloud-init job (metadata service crawler).
[[0;32m  OK  [0m] Reached target Network is Online.
[   12.061106] cloud-init[959]: ci-info: |   3   |   ff00::/8  |    ::   |   enp0s3  |   U   |
[   12.064562] cloud-init[959]: ci-info: +-------+-------------+---------+-----------+-------+
[   12.065738] cloud-init[959]: Generating public/private rsa key pair.
[   12.066678] cloud-init[959]: Your identification has been saved in /etc/ssh/ssh_host_rsa_key.
[   12.067821] cloud-init[959]: Your public key has been saved in /etc/ssh/ssh_host_rsa_key.pub.
[   12.069076] cloud-init[959]: The key fingerprint is:
[   12.069893] cloud-init[959]: SHA256:NcrdszgtzkQiZHFIrBtr+UJ4x21CJCB59eQGFtF0FDM root@ubuntu-xenial
[   12.071073] cloud-init[959]: The key's randomart image is:
[   12.071976] cloud-init[959]: +---[RSA 2048]----+
[   12.072890] cloud-init[959]: |...o*B=oE.       |
[   12.073696] cloud-init[959]: |.....==+ o       |
[   12.074574] cloud-init[959]: | .   +*   o      |
[   12.075373] cloud-init[959]: |    o+.. + o     |
         Starting iSCSI initiator daemon (iscsid)...
[[0;32m  OK  [0m] Reached target Cloud-config availability.
[[0;32m  OK  [0m] Reached target System Initialization.
[   12.078653] cloud-init[959]: |   . B..S o o    |
[[0;32m  OK  [0m] Started Ubuntu Advantage update messaging.
[[0;32m  OK  [0m] Listening on UUID daemon activation socket.
[[   12.080420] [0;32m  OK  [0mcloud-init] [959]: Listening on D-Bus System Message Bus Socket.|  . B +.oo o o   |

[   12.084708] cloud-init[959]: |   + o o  = o    |
[   12.085057] cloud-init[959]: |    . .  + o     |
[   12.085130] cloud-init[959]: |     .    o      |
[   12.085340] cloud-init[959]: +----[SHA256]-----+
[   12.085573] cloud-init[959]: Generating public/private dsa key pair.
[   12.085771] cloud-init[959]: Your identification has been saved in /etc/ssh/ssh_host_dsa_key.
[   12.085885] cloud-init[959]: Your public key has been saved in /etc/ssh/ssh_host_dsa_key.pub.
[   12.086009] cloud-init[959]: The key fingerprint is:
[   12.086129] cloud-init[959]: SHA256:oMXHoSlxwABO0dCbFJzrWa+/2dlKw7K4DRHDt6WMMXQ root@ubuntu-xenial
[   12.086236] cloud-init[959]: The key's randomart image is:
[   12.086453] cloud-init[959]: +---[DSA 1024]----+
[   12.086599] cloud-init[959]: |.=B+=o.E.        |
[   12.086705] cloud-init[959]: |o  *++.+ .       |
[   12.086828] cloud-init[959]: | .. =**.o.       |
[   12.086944] cloud-init[959]: |   + =Oo+        |
[   12.087051] cloud-init[959]: |  . +o.+S        |
[   12.087269] cloud-init[959]: |   o  ...        |
[   12.087385] cloud-init[959]: |     ... +       |
[   12.087539] cloud-init[959]: |     .+ * +      |
         Starting Socket activation for snappy daemon.
[   12.087603] cloud-init[959]: |     oo*.+..     |
[   12.087747] cloud-init[959]: +----[SHA256]-----+
[   12.087859] cloud-init[959]: Generating public/private ecdsa key pair.
[   12.088774] cloud-init[959]: Your identification has been saved in /etc/ssh/ssh_host_ecdsa_key.
[   12.088888] cloud-init[959]: Your public key has been saved in /etc/ssh/ssh_host_ecdsa_key.pub.
[   12.089077] cloud-init[959]: The key fingerprint is:
[   12.089210] cloud-init[959]: SHA256:QD54ZBipZRqZSmgE56K27We4FYUNoTW2UEUccTGySQY root@ubuntu-xenial
[   12.089540] cloud-init[959]: The key's randomart image is:
[   12.092530] cloud-init[959]: +---[ECDSA 256]---+
[   12.092625] cloud-init[959]: |=..+oEXOo+.      |
[   12.092848] cloud-init[959]: |.=+ X*O.= .      |
[   12.093180] cloud-init[959]: |+..B.o==         |
[   12.093309] cloud-init[959]: |o.o  ..o         |
[   12.093600] cloud-init[959]: |..   .  S        |
[   12.093823] cloud-init[959]: |. o   .          |
[   12.093962] cloud-init[959]: | . ...           |
[   12.094079] cloud-init[959]: |  ...o           |
[   12.094197] cloud-init[959]: |   o+            |
[   12.094450] cloud-init[959]: +----[SHA256]-----+
[   12.094559] cloud-init[959]: Generating public/private ed25519 key pair.
[   12.094799] cloud-init[959]: Your identification has been saved in /etc/ssh/ssh_host_ed25519_key.
[   12.095041] cloud-init[959]: Your public key has been saved in /etc/ssh/ssh_host_ed25519_key.pub.
[   12.095171] cloud-init[959]: The key fingerprint is:
[   12.095312] cloud-init[959]: SHA256:agN0Z54MDTvcPt0B6oILJ68ZHEfFrZSJ8H1FVJ7AJ1w root@ubuntu-xenial
[   12.095400] cloud-init[959]: The key's randomart image is:
[   12.109462] cloud-init[959]: +--[ED25519 256]--+
[   12.110315] cloud-init[959]: |  .. oo+ =*oE    |
[   12.111169] cloud-init[959]: |   ..+==.o++..   |
[   12.112489] cloud-init[959]: |    +.B.B  o+    |
[   12.113408] cloud-init[959]: |   o o.@ o . .   |
[   12.114350] cloud-init[959]: |  + = . S . .    |
[   12.116949] cloud-init[959]: | . B o o .       |
[   12.117191] cloud-init[959]: |  o o +          |
         Starting LXD - unix socket.
[[   12.117302] [0;32m  OK  [0mcloud-init] [959]: Listening on ACPID Listen Socket.|   + . .         |

[[   12.119842] [0;32m  OK  [0mcloud-init] [959]: Started Message of the Day.|  o              |

[   12.121160] cloud-init[959]: +----[SHA256]-----+
[[0;32m  OK  [0m] Started Daily Cleanup of Temporary Directories.
[[0;32m  OK  [0m] Started Daily apt download activities.
[[0;32m  OK  [0m] Started Daily apt upgrade and clean activities.
[[0;32m  OK  [0m] Reached target Timers.
[[0;32m  OK  [0m] Started ACPI Events Check.
[[0;32m  OK  [0m] Reached target Paths.
[[0;32m  OK  [0m] Listening on Socket activation for snappy daemon.
[[0;32m  OK  [0m] Listening on LXD - unix socket.
[[0;32m  OK  [0m] Reached target Sockets.
[[0;32m  OK  [0m] Reached target Basic System.
[[0;32m  OK  [0m] Started Deferred execution scheduler.
         Starting /etc/rc.local Compatibility...
         Starting Virtualbox guest utils...
         Starting Login Service...
[[0;32m  OK  [0m] Started FUSE filesystem for LXC.
[[0;32m  OK  [0m] Started D-Bus System Message Bus.
[[0;32m  OK  [0m] Started Regular background program processing daemon.
         Starting LSB: MD monitoring daemon...
         Starting System Logging Service...
         Starting Pollinate to seed the pseudo random number generator...
[[0;32m  OK  [0m] Started ACPI event daemon.
         Starting LXD - container startup/shutdown...
         Starting LSB: Record successful boot for GRUB...
         Starting Accounts Service...
         Starting Snap Daemon...
[[0;32m  OK  [0m] Started iSCSI initiator daemon (iscsid).
[[0;32m  OK  [0m] Started /etc/rc.local Compatibility.
[[0;32m  OK  [0m] Started System Logging Service.
         Starting Login to default iSCSI targets...
[[0;32m  OK  [0m] Started Login Service.
[[0;32m  OK  [0m] Started Unattended Upgrades Shutdown.
[[0;32m  OK  [0m] Started LSB: MD monitoring daemon.
[[0;32m  OK  [0m] Started LSB: Record successful boot for GRUB.
[[0;32m  OK  [0m] Started Login to default iSCSI targets.
[[0;32m  OK  [0m] Reached target Remote File Systems (Pre).
[[0;32m  OK  [0m] Reached target Remote File Systems.
         Starting Permit User Sessions...
         Starting LSB: Set the CPU Frequency Scaling governor to "ondemand"...
         Starting LSB: automatic crash report generation...
         Starting LSB: daemon to balance interrupts for SMP systems...
[[0;32m  OK  [0m] Started Permit User Sessions.
[[0;32m  OK  [0m] Started LXD - container startup/shutdown.
         Starting Authenticate and Authorize Users to Run Privileged Tasks...
         Starting Hold until boot process finishes up...
         Starting Terminate Plymouth Boot Screen...
[[0;32m  OK  [0m] Started Virtualbox guest utils.
[[0;32m  OK  [0m] Started LSB: Set the CPU Frequency Scaling governor to "ondemand".
[[0;32m  OK  [0m] Started LSB: automatic crash report generation.
[[0;32m  OK  [0m] Started LSB: daemon to balance interrupts for SMP systems.
[[0;32m  OK  [0m] Started Hold until boot process finishes up.
[[0;32m  OK  [0m] Started Terminate Plymouth Boot Screen.
[[0;32m  OK  [0m] Started Authenticate and Authorize Users to Run Privileged Tasks.
[[0;32m  OK  [0m] Started Accounts Service.
[[0;32m  OK  [0m] Started Getty on tty1.
         Starting Set console scheme...
[[0;32m  OK  [0m] Started Serial Getty on ttyS0.
[[0;32m  OK  [0m] Reached target Login Prompts.
[[0;32m  OK  [0m] Started Set console scheme.
[[0;32m  OK  [0m] Started Snap Daemon.
         Starting Wait until snapd is fully seeded...
[[0;32m  OK  [0m] Started Pollinate to seed the pseudo random number generator.
         Starting OpenBSD Secure Shell server...
[[0;32m  OK  [0m] Started OpenBSD Secure Shell server.
[[0;32m  OK  [0m] Created slice User Slice of vagrant.
         Starting User Manager for UID 1000...
[[0;32m  OK  [0m] Started Session 1 of user vagrant.
[[0;32m  OK  [0m] Started Wait until snapd is fully seeded.
         Starting Apply the settings specified in cloud-config...
[[0;32m  OK  [0m] Reached target Multi-User System.
[[0;32m  OK  [0m] Reached target Graphical Interface.
         Starting Update UTMP about System Runlevel Changes...
[[0;32m  OK  [0m] Started User Manager for UID 1000.
[[0;32m  OK  [0m] Started Update UTMP about System Runlevel Changes.

Ubuntu 16.04.7 LTS ubuntu-xenial ttyS0

ubuntu-xenial login: [   19.661443] cloud-init[1311]: Generating locales (this might take a while)...
[   26.650879] cloud-init[1311]:   en_US.UTF-8... done
[   26.651318] cloud-init[1311]: Generation complete.
[   27.228075] cloud-init[1311]: Cloud-init v. 21.1-19-gbad84ad4-0ubuntu1~16.04.2 running 'modules:config' at Sun, 10 Oct 2021 12:54:57 +0000. Up 18.99 seconds.
ci-info: no authorized SSH keys fingerprints found for user ubuntu.
<14>Oct 10 12:55:06 ec2: 
<14>Oct 10 12:55:06 ec2: #############################################################
<14>Oct 10 12:55:06 ec2: -----BEGIN SSH HOST KEY FINGERPRINTS-----
<14>Oct 10 12:55:06 ec2: 1024 SHA256:oMXHoSlxwABO0dCbFJzrWa+/2dlKw7K4DRHDt6WMMXQ root@ubuntu-xenial (DSA)
<14>Oct 10 12:55:06 ec2: 256 SHA256:QD54ZBipZRqZSmgE56K27We4FYUNoTW2UEUccTGySQY root@ubuntu-xenial (ECDSA)
<14>Oct 10 12:55:06 ec2: 256 SHA256:agN0Z54MDTvcPt0B6oILJ68ZHEfFrZSJ8H1FVJ7AJ1w root@ubuntu-xenial (ED25519)
<14>Oct 10 12:55:06 ec2: 2048 SHA256:NcrdszgtzkQiZHFIrBtr+UJ4x21CJCB59eQGFtF0FDM root@ubuntu-xenial (RSA)
<14>Oct 10 12:55:06 ec2: -----END SSH HOST KEY FINGERPRINTS-----
<14>Oct 10 12:55:06 ec2: #############################################################
-----BEGIN SSH HOST KEY KEYS-----
ecdsa-sha2-nistp256 AAAAE2VjZHNhLXNoYTItbmlzdHAyNTYAAAAIbmlzdHAyNTYAAABBBJZ4yO0X6U6q8fEWuIYSVgJdtfojcujJoBONOYFlOxP1twAaPE1zLaLxDCyrPwBs//BNlgQpXRICch5o4KDpXSg= root@ubuntu-xenial
ssh-ed25519 AAAAC3NzaC1lZDI1NTE5AAAAIFOpQv16dlyhT1hTme10asV9xCKUrpJEpmIpbFBbzBNS root@ubuntu-xenial
ssh-rsa AAAAB3NzaC1yc2EAAAADAQABAAABAQCo7RZLRrzX75OkYTuhURYPlNE9nREqlTGKizIN5q4bWKLg9Dlgdgx6bDST7Mv7G5lyVS0MVv7QhNrLes3jvwuBfD/51fbyvH/OVyjuHObpxHM+w89ek9HR+3E6EUD7mL/bGj8eb28+W73qLzIcqgIKYpwL6nXpIs3rojb/xHzvN4b4crHB1kLyXYbus0Ow/O2HoNJbhRv3LsBp8e9jLKz9FQzegmHYfHj78LP9m5DBCbXdxo2paxOCL9sWDGNeXUACT5ijcsTWik2UBGLB8+0SIwsZgqmZn8LEcEKLn3y2OkaOGobUKz5WuDyzDaDcFsgRVtO8fVycffJGvpUSWVLb root@ubuntu-xenial
-----END SSH HOST KEY KEYS-----
[   28.110931] cloud-init[1508]: Cloud-init v. 21.1-19-gbad84ad4-0ubuntu1~16.04.2 running 'modules:final' at Sun, 10 Oct 2021 12:55:06 +0000. Up 27.82 seconds.
[   28.111238] cloud-init[1508]: ci-info: no authorized SSH keys fingerprints found for user ubuntu.
[   28.111411] cloud-init[1508]: Cloud-init v. 21.1-19-gbad84ad4-0ubuntu1~16.04.2 finished at Sun, 10 Oct 2021 12:55:06 +0000. Datasource DataSourceNoCloud [seed=/dev/sdb][dsmode=net].  Up 28.09 seconds
